<?xml version="1.0" encoding="UTF-8"?>
<testng-results skipped="0" failed="0" ignored="0" total="1" passed="1">
  <reporter-output>
  </reporter-output>
  <suite name="Default suite" duration-ms="15952" started-at="2019-12-26T16:07:47 CET" finished-at="2019-12-26T16:08:03 CET">
    <groups>
    </groups>
    <test name="Default test" duration-ms="15952" started-at="2019-12-26T16:07:47 CET" finished-at="2019-12-26T16:08:03 CET">
      <class name="TestNG.TestRegistration">
        <test-method status="PASS" signature="Test4RandomUser()[pri:0, instance:TestNG.TestRegistration@71bbf57e]" name="Test4RandomUser" duration-ms="15911" started-at="2019-12-26T16:07:47 CET" finished-at="2019-12-26T16:08:03 CET">
          <reporter-output>
          </reporter-output>
        </test-method> <!-- Test4RandomUser -->
      </class> <!-- TestNG.TestRegistration -->
    </test> <!-- Default test -->
  </suite> <!-- Default suite -->
</testng-results>
